<?xml version="1.0" encoding="UTF-8"?>
<!-- Generated by org.testng.reporters.JUnitReportReporter -->
<testsuite hostname="PTCPD06" failures="0" tests="1" name="prueba.Mavenjava.PruebasCompletas" time="5.228" errors="0" timestamp="2021-08-19T08:34:56 CEST" skipped="0">
  <testcase classname="prueba.Mavenjava.PruebasCompletas" name="prueba" time="5.228"/>
  <system-out/>
</testsuite> <!-- prueba.Mavenjava.PruebasCompletas -->
