<?xml version="1.0" encoding="UTF-8"?>
<!-- Generated by org.testng.reporters.JUnitReportReporter -->
<testsuite hostname="PTCPD06" failures="0" tests="17" name="prueba.Mavenjava.Homepage" time="83.300" errors="0" timestamp="2021-09-20T11:44:58 CEST" skipped="0">
  <testcase classname="prueba.Mavenjava.Homepage" name="acceso" time="0.242"/>
  <system-out/>
  <testcase classname="prueba.Mavenjava.Homepage" name="busqueda10" time="6.285"/>
  <system-out/>
  <testcase classname="prueba.Mavenjava.Homepage" name="categoria01" time="2.854"/>
  <system-out/>
  <testcase classname="prueba.Mavenjava.Homepage" name="categoria03" time="4.017"/>
  <system-out/>
  <testcase classname="prueba.Mavenjava.Homepage" name="busqueda06" time="0.124"/>
  <system-out/>
  <testcase classname="prueba.Mavenjava.Homepage" name="busqueda03" time="11.936"/>
  <system-out/>
  <testcase classname="prueba.Mavenjava.Homepage" name="busqueda07" time="7.182"/>
  <system-out/>
  <testcase classname="prueba.Mavenjava.Homepage" name="categoria04" time="3.946"/>
  <system-out/>
  <testcase classname="prueba.Mavenjava.Homepage" name="busqueda05" time="0.206"/>
  <system-out/>
  <testcase classname="prueba.Mavenjava.Homepage" name="busqueda12" time="3.137"/>
  <system-out/>
  <testcase classname="prueba.Mavenjava.Homepage" name="busqueda09" time="5.100"/>
  <system-out/>
  <testcase classname="prueba.Mavenjava.Homepage" name="busqueda11" time="4.921"/>
  <system-out/>
  <testcase classname="prueba.Mavenjava.Homepage" name="busqueda01" time="3.005"/>
  <system-out/>
  <testcase classname="prueba.Mavenjava.Homepage" name="categoria02" time="5.849"/>
  <system-out/>
  <testcase classname="prueba.Mavenjava.Homepage" name="busqueda04" time="3.508"/>
  <system-out/>
  <testcase classname="prueba.Mavenjava.Homepage" name="busqueda02" time="12.854"/>
  <system-out/>
  <testcase classname="prueba.Mavenjava.Homepage" name="busqueda08" time="8.134"/>
  <system-out/>
</testsuite> <!-- prueba.Mavenjava.Homepage -->
