<?xml version="1.0" encoding="UTF-8"?>
<!-- Generated by org.testng.reporters.JUnitReportReporter -->
<testsuite hostname="PTCPD06" failures="0" tests="1" name="prueba.Mavenjava.KioskoTest" time="0.036" errors="0" timestamp="2021-08-13T14:23:16 CEST" skipped="0">
  <testcase classname="prueba.Mavenjava.KioskoTest" name="PruebaAutomatizacion" time="0.036"/>
  <system-out/>
</testsuite> <!-- prueba.Mavenjava.KioskoTest -->
