<?xml version="1.0" encoding="UTF-8"?>
<!-- Generated by org.testng.reporters.JUnitReportReporter -->
<testsuite hostname="PTCPD06" failures="0" tests="2" name="prueba.Mavenjava.Homepage" time="5.868" errors="0" timestamp="2021-08-25T14:36:49 CEST" skipped="0">
  <testcase classname="prueba.Mavenjava.Homepage" name="busqueda1" time="5.524"/>
  <system-out/>
  <testcase classname="prueba.Mavenjava.Homepage" name="acceso" time="0.344"/>
  <system-out/>
</testsuite> <!-- prueba.Mavenjava.Homepage -->
